<?xml version="1.0" encoding="UTF-8"?>
<testsuite name="io.github.eroshenkoam.allure.RegionsTest" tests="1" skipped="0" failures="0" errors="0" timestamp="2021-06-17T17:42:45" hostname="Artems-MacBook-Pro.local" time="0.216">
  <properties/>
  <testcase name="Проверка работы секции Tags" classname="io.github.eroshenkoam.allure.RegionsTest" time="0.216"/>
  <system-out><![CDATA[]]></system-out>
  <system-err><![CDATA[]]></system-err>
</testsuite>
